#
# There is insufficient memory for the Java Runtime Environment to continue.
# Native memory allocation (malloc) failed to allocate 142976 bytes for Chunk::new
# Possible reasons:
#   The system is out of physical RAM or swap space
#   In 32 bit mode, the process size limit was hit
# Possible solutions:
#   Reduce memory load on the system
#   Increase physical memory or swap space
#   Check if swap backing store is full
#   Use 64 bit Java on a 64 bit OS
#   Decrease Java heap size (-Xmx/-Xms)
#   Decrease number of Java threads
#   Decrease Java thread stack sizes (-Xss)
#   Set larger code cache with -XX:ReservedCodeCacheSize=
# This output file may be truncated or incomplete.
#
#  Out of Memory Error (allocation.cpp:390), pid=22552, tid=0x0000000000004adc
#
# JRE version: Java(TM) SE Runtime Environment (8.0_111-b14) (build 1.8.0_111-b14)
# Java VM: Java HotSpot(TM) 64-Bit Server VM (25.111-b14 mixed mode windows-amd64 compressed oops)
# Failed to write core dump. Minidumps are not enabled by default on client versions of Windows
#

---------------  T H R E A D  ---------------

Current thread (0x0000000014cad000):  JavaThread "C2 CompilerThread0" daemon [_thread_in_native, id=19164, stack(0x0000000016310000,0x0000000016410000)]

Stack: [0x0000000016310000,0x0000000016410000]
[error occurred during error reporting (printing stack bounds), id 0xc0000005]

Native frames: (J=compiled Java code, j=interpreted, Vv=VM code, C=native code)


Current CompileTask:
C2:    925  380       4       java.util.HashMap::putVal (300 bytes)


---------------  P R O C E S S  ---------------

Java Threads: ( => current thread )
  0x0000000016dfc800 JavaThread "Image Fetcher 0" daemon [_thread_blocked, id=23936, stack(0x0000000018720000,0x0000000018820000)]
  0x0000000002590800 JavaThread "DestroyJavaVM" [_thread_blocked, id=16500, stack(0x0000000000c70000,0x0000000000d70000)]
  0x0000000016de3800 JavaThread "AWT-EventQueue-0" [_thread_blocked, id=23880, stack(0x0000000018420000,0x0000000018520000)]
  0x0000000016a07000 JavaThread "AWT-Windows" daemon [_thread_in_native, id=24144, stack(0x0000000017750000,0x0000000017850000)]
  0x0000000016a04000 JavaThread "AWT-Shutdown" [_thread_blocked, id=22640, stack(0x0000000017650000,0x0000000017750000)]
  0x00000000169f8800 JavaThread "Java2D Disposer" daemon [_thread_blocked, id=16724, stack(0x0000000017550000,0x0000000017650000)]
  0x0000000016635000 JavaThread "Service Thread" daemon [_thread_blocked, id=22820, stack(0x0000000016a10000,0x0000000016b10000)]
  0x0000000014cb9000 JavaThread "C1 CompilerThread2" daemon [_thread_blocked, id=23032, stack(0x0000000016510000,0x0000000016610000)]
  0x0000000014cb0000 JavaThread "C2 CompilerThread1" daemon [_thread_in_native, id=23172, stack(0x0000000016410000,0x0000000016510000)]
=>0x0000000014cad000 JavaThread "C2 CompilerThread0" daemon [_thread_in_native, id=19164, stack(0x0000000016310000,0x0000000016410000)]
  0x0000000014cac000 JavaThread "Attach Listener" daemon [_thread_blocked, id=24276, stack(0x0000000016210000,0x0000000016310000)]
  0x0000000014caa800 JavaThread "Signal Dispatcher" daemon [_thread_blocked, id=22748, stack(0x0000000016110000,0x0000000016210000)]
  0x0000000014c99000 JavaThread "Finalizer" daemon [_thread_blocked, id=2472, stack(0x0000000015f10000,0x0000000016010000)]
  0x0000000002681000 JavaThread "Reference Handler" daemon [_thread_blocked, id=23832, stack(0x0000000015e10000,0x0000000015f10000)]

Other Threads:
  0x0000000014c77000 VMThread [stack: 0x0000000015d10000,0x0000000015e10000] [id=2900]
  0x0000000016647800 WatcherThread [stack: 0x0000000016b10000,0x0000000016c10000] [id=22872]

VM state:at safepoint (normal execution)

VM Mutex/Monitor currently owned by a thread:  ([mutex/lock_event])
[0x00000000026ac1f0] Threads_lock - owner thread: 0x0000000014c77000
[0x00000000026abef0] Heap_lock - owner thread: 0x0000000016de3800

Heap:
 PSYoungGen      total 18944K, used 10563K [0x00000000eb200000, 0x00000000ec700000, 0x0000000100000000)
  eden space 16384K, 64% used [0x00000000eb200000,0x00000000ebc50e68,0x00000000ec200000)
  from space 2560K, 0% used [0x00000000ec480000,0x00000000ec480000,0x00000000ec700000)
  to   space 2560K, 75% used [0x00000000ec200000,0x00000000ec3e0000,0x00000000ec480000)
 ParOldGen       total 44032K, used 4694K [0x00000000c1600000, 0x00000000c4100000, 0x00000000eb200000)
  object space 44032K, 10% used [0x00000000c1600000,0x00000000c1a95bc0,0x00000000c4100000)
 Metaspace       used 10132K, capacity 10252K, committed 10368K, reserved 1064960K
  class space    used 1278K, capacity 1348K, committed 1408K, reserved 1048576K

Card table byte_map: [0x0000000011a70000,0x0000000011c70000] byte_map_base: 0x0000000011465000

Marking Bits: (ParMarkBitMap*) 0x0000000052d9a6c0
 Begin Bits: [0x00000000121c0000, 0x0000000013168000)
 End Bits:   [0x0000000013168000, 0x0000000014110000)

Polling page: 0x0000000000830000

CodeCache: size=245760Kb used=1943Kb max_used=1943Kb free=243816Kb
 bounds [0x00000000026b0000, 0x0000000002920000, 0x00000000116b0000]
 total_blobs=806 nmethods=382 adapters=337
 compilation: enabled

Compilation events (10 events):
Event: 0.798 Thread 0x0000000014cb9000  379       3       java.lang.Integer::valueOf (32 bytes)
Event: 0.798 Thread 0x0000000014cad000  380       4       java.util.HashMap::putVal (300 bytes)
Event: 0.798 Thread 0x0000000014cb9000 nmethod 379 0x00000000028954d0 code [0x0000000002895640, 0x0000000002895990]
Event: 0.799 Thread 0x0000000014cb0000  381       4       java.util.HashMap::put (13 bytes)
Event: 0.800 Thread 0x0000000014cb9000  382       3       java.lang.Integer::hashCode (8 bytes)
Event: 0.801 Thread 0x0000000014cb9000 nmethod 382 0x0000000002895b50 code [0x0000000002895ca0, 0x0000000002895e50]
Event: 0.801 Thread 0x0000000014cb9000  383       3       java.lang.Integer::hashCode (2 bytes)
Event: 0.801 Thread 0x0000000014cb9000 nmethod 383 0x0000000002895f10 code [0x0000000002896060, 0x0000000002896190]
Event: 0.802 Thread 0x0000000014cb9000  385       1       java.lang.Integer::intValue (5 bytes)
Event: 0.802 Thread 0x0000000014cb9000 nmethod 385 0x0000000002896210 code [0x0000000002896360, 0x0000000002896470]

GC Heap History (0 events):
No events

Deoptimization events (0 events):
No events

Internal exceptions (10 events):
Event: 0.539 Thread 0x0000000002590800 Exception <a 'java/lang/ClassNotFoundException': ToolBar> (0x00000000eb59d128) thrown at [C:\re\workspace\8-2-build-windows-amd64-cygwin\jdk8u111\7883\hotspot\src\share\vm\classfile\systemDictionary.cpp, line 210]
Event: 0.539 Thread 0x0000000002590800 Exception <a 'java/lang/ClassNotFoundException': ToggleButton> (0x00000000eb59d6d8) thrown at [C:\re\workspace\8-2-build-windows-amd64-cygwin\jdk8u111\7883\hotspot\src\share\vm\classfile\systemDictionary.cpp, line 210]
Event: 0.539 Thread 0x0000000002590800 Exception <a 'java/lang/ClassNotFoundException': javax/swing/JToolBarSeparator> (0x00000000eb59db38) thrown at [C:\re\workspace\8-2-build-windows-amd64-cygwin\jdk8u111\7883\hotspot\src\share\vm\classfile\systemDictionary.cpp, line 210]
Event: 0.539 Thread 0x0000000002590800 Exception <a 'java/lang/ClassNotFoundException': ToolBarSeparator> (0x00000000eb59dfd0) thrown at [C:\re\workspace\8-2-build-windows-amd64-cygwin\jdk8u111\7883\hotspot\src\share\vm\classfile\systemDictionary.cpp, line 210]
Event: 0.539 Thread 0x0000000002590800 Exception <a 'java/lang/ClassNotFoundException': ToolTip> (0x00000000eb59e710) thrown at [C:\re\workspace\8-2-build-windows-amd64-cygwin\jdk8u111\7883\hotspot\src\share\vm\classfile\systemDictionary.cpp, line 210]
Event: 0.541 Thread 0x0000000002590800 Exception <a 'java/lang/ClassNotFoundException': Tree> (0x00000000eb59f330) thrown at [C:\re\workspace\8-2-build-windows-amd64-cygwin\jdk8u111\7883\hotspot\src\share\vm\classfile\systemDictionary.cpp, line 210]
Event: 0.541 Thread 0x0000000002590800 Exception <a 'java/lang/ClassNotFoundException': Tree> (0x00000000eb59fa70) thrown at [C:\re\workspace\8-2-build-windows-amd64-cygwin\jdk8u111\7883\hotspot\src\share\vm\classfile\systemDictionary.cpp, line 210]
Event: 0.541 Thread 0x0000000002590800 Exception <a 'java/lang/ClassNotFoundException': javax/swing/JTreeCell> (0x00000000eb59fdf0) thrown at [C:\re\workspace\8-2-build-windows-amd64-cygwin\jdk8u111\7883\hotspot\src\share\vm\classfile\systemDictionary.cpp, line 210]
Event: 0.541 Thread 0x0000000002590800 Exception <a 'java/lang/ClassNotFoundException': TreeCell> (0x00000000eb5a0278) thrown at [C:\re\workspace\8-2-build-windows-amd64-cygwin\jdk8u111\7883\hotspot\src\share\vm\classfile\systemDictionary.cpp, line 210]
Event: 0.542 Thread 0x0000000002590800 Exception <a 'java/lang/ClassNotFoundException': RootPane> (0x00000000eb5a0cd8) thrown at [C:\re\workspace\8-2-build-windows-amd64-cygwin\jdk8u111\7883\hotspot\src\share\vm\classfile\systemDictionary.cpp, line 210]

Events (10 events):
Event: 0.797 loading class sun/awt/RepaintArea
Event: 0.797 loading class sun/awt/RepaintArea done
Event: 0.798 loading class sun/awt/ExtendedKeyCodes
Event: 0.798 loading class sun/awt/ExtendedKeyCodes done
Event: 0.803 loading class sun/awt/EmbeddedFrame
Event: 0.804 loading class sun/awt/EmbeddedFrame done
Event: 0.804 loading class sun/awt/LightweightFrame
Event: 0.805 loading class sun/awt/LightweightFrame done
Event: 0.805 loading class sun/awt/im/InputMethodWindow
Event: 0.805 loading class sun/awt/im/InputMethodWindow done


Dynamic libraries:
0x00007ff66cdf0000 - 0x00007ff66ce27000 	C:\Program Files\Java\jdk1.8.0_111\jre\bin\java.exe
0x00007ffcfa8d0000 - 0x00007ffcfaac5000 	C:\WINDOWS\SYSTEM32\ntdll.dll
0x00007ffcf9190000 - 0x00007ffcf924e000 	C:\WINDOWS\System32\KERNEL32.DLL
0x00007ffcf84e0000 - 0x00007ffcf87a9000 	C:\WINDOWS\System32\KERNELBASE.dll
0x00007ffcf9ef0000 - 0x00007ffcf9f9c000 	C:\WINDOWS\System32\ADVAPI32.dll
0x00007ffcf96d0000 - 0x00007ffcf976e000 	C:\WINDOWS\System32\msvcrt.dll
0x00007ffcf9e50000 - 0x00007ffcf9eeb000 	C:\WINDOWS\System32\sechost.dll
0x00007ffcfa360000 - 0x00007ffcfa48a000 	C:\WINDOWS\System32\RPCRT4.dll
0x00007ffcf9830000 - 0x00007ffcf99d1000 	C:\WINDOWS\System32\USER32.dll
0x00007ffcf8860000 - 0x00007ffcf8882000 	C:\WINDOWS\System32\win32u.dll
0x00007ffcfa620000 - 0x00007ffcfa64b000 	C:\WINDOWS\System32\GDI32.dll
0x00007ffcf81a0000 - 0x00007ffcf82ab000 	C:\WINDOWS\System32\gdi32full.dll
0x00007ffcf8440000 - 0x00007ffcf84dd000 	C:\WINDOWS\System32\msvcp_win.dll
0x00007ffcf8310000 - 0x00007ffcf8410000 	C:\WINDOWS\System32\ucrtbase.dll
0x00007ffce7940000 - 0x00007ffce7bda000 	C:\WINDOWS\WinSxS\amd64_microsoft.windows.common-controls_6595b64144ccf1df_6.0.19041.1110_none_60b5254171f9507e\COMCTL32.dll
0x00007ffcf9b50000 - 0x00007ffcf9b80000 	C:\WINDOWS\System32\IMM32.DLL
0x0000000052e80000 - 0x0000000052f52000 	C:\Program Files\Java\jdk1.8.0_111\jre\bin\msvcr100.dll
0x0000000052580000 - 0x0000000052e1a000 	C:\Program Files\Java\jdk1.8.0_111\jre\bin\server\jvm.dll
0x00007ffcfa720000 - 0x00007ffcfa728000 	C:\WINDOWS\System32\PSAPI.DLL
0x00007ffce2bf0000 - 0x00007ffce2bf9000 	C:\WINDOWS\SYSTEM32\WSOCK32.dll
0x00007ffcf9b80000 - 0x00007ffcf9beb000 	C:\WINDOWS\System32\WS2_32.dll
0x00007ffce1f10000 - 0x00007ffce1f37000 	C:\WINDOWS\SYSTEM32\WINMM.dll
0x00007ffcef220000 - 0x00007ffcef22a000 	C:\WINDOWS\SYSTEM32\VERSION.dll
0x00000000533a0000 - 0x00000000533af000 	C:\Program Files\Java\jdk1.8.0_111\jre\bin\verify.dll
0x0000000053320000 - 0x0000000053349000 	C:\Program Files\Java\jdk1.8.0_111\jre\bin\java.dll
0x0000000052520000 - 0x0000000052536000 	C:\Program Files\Java\jdk1.8.0_111\jre\bin\zip.dll
0x00007ffcf8a50000 - 0x00007ffcf918f000 	C:\WINDOWS\System32\SHELL32.dll
0x00007ffcf60f0000 - 0x00007ffcf6880000 	C:\WINDOWS\SYSTEM32\windows.storage.dll
0x00007ffcfa000000 - 0x00007ffcfa355000 	C:\WINDOWS\System32\combase.dll
0x00007ffcf79d0000 - 0x00007ffcf79fc000 	C:\WINDOWS\SYSTEM32\Wldp.dll
0x00007ffcfa650000 - 0x00007ffcfa6fe000 	C:\WINDOWS\System32\SHCORE.dll
0x00007ffcf9fa0000 - 0x00007ffcf9ff5000 	C:\WINDOWS\System32\shlwapi.dll
0x00007ffcf7f30000 - 0x00007ffcf7f4f000 	C:\WINDOWS\SYSTEM32\profapi.dll
0x0000000052340000 - 0x00000000524d8000 	C:\Program Files\Java\jdk1.8.0_111\jre\bin\awt.dll
0x00007ffcfa7c0000 - 0x00007ffcfa88d000 	C:\WINDOWS\System32\OLEAUT32.dll
0x00007ffcf5980000 - 0x00007ffcf5a10000 	C:\WINDOWS\SYSTEM32\apphelp.dll
0x00007ffcf5a30000 - 0x00007ffcf5ace000 	C:\WINDOWS\system32\uxtheme.dll
0x00007ffcfa4a0000 - 0x00007ffcfa5b5000 	C:\WINDOWS\System32\MSCTF.dll
0x00007ffcf8920000 - 0x00007ffcf8a4a000 	C:\WINDOWS\System32\ole32.dll
0x00007ffcf5ef0000 - 0x00007ffcf5f02000 	C:\WINDOWS\SYSTEM32\kernel.appcore.dll
0x00007ffcf8890000 - 0x00007ffcf8913000 	C:\WINDOWS\System32\bcryptPrimitives.dll
0x00007ffcf5c00000 - 0x00007ffcf5c2f000 	C:\WINDOWS\system32\DWMAPI.DLL
0x0000000052080000 - 0x00000000520c7000 	C:\Program Files\Java\jdk1.8.0_111\jre\bin\fontmanager.dll
0x0000000051530000 - 0x0000000051561000 	C:\Program Files\Java\jdk1.8.0_111\jre\bin\jpeg.dll

VM Arguments:
jvm_args: -Dfile.encoding=UTF-8 
java_command: login_register_design.welcome
java_class_path (initial): D:\Software\mysql-connector-java-8.0.26.jar;C:\Program Files\NetBeans 8.2\java\modules\ext\AbsoluteLayout.jar;D:\sevlet Project\software\jcalendar-1.4\lib\jcalendar-1.4.jar;C:\Users\super\Documents\NetBeansProjects\Login_Register_Design\build\classes
Launcher Type: SUN_STANDARD

Environment Variables:
PATH=C:\ProgramData\Oracle\Java\javapath;C:\oraclexe\app\oracle\product\11.2.0\server\bin;C:\Program Files (x86)\Common Files\Oracle\Java\javapath;C:\WINDOWS\system32;C:\WINDOWS;C:\WINDOWS\System32\Wbem;C:\WINDOWS\System32\WindowsPowerShell\v1.0\;C:\WINDOWS\System32\OpenSSH\;C:\Program Files\Java\jre1.8.0_291;C:\Program Files\Java\jre1.8.0_291;C:\Program Files\Git\cmd;C:\Program Files\MySQL\MySQL Shell 8.0\bin\;C:\Users\super\AppData\Local\Microsoft\WindowsApps;C:\Program Files\Java\jdk1.8.0_111\bin;C:\Program Files\Java\jre1.8.0_291\bin;C:\Program Files\Java\jre1.8.0_291;C:\Program Files\Java\jre1.8.0_291;;C:\Users\super\AppData\Local\Programs\Microsoft VS Code\bin
USERNAME=super
OS=Windows_NT
PROCESSOR_IDENTIFIER=Intel64 Family 6 Model 142 Stepping 10, GenuineIntel



---------------  S Y S T E M  ---------------

OS: Windows 10.0 , 64 bit Build 19041 (10.0.19041.1200)

CPU:total 4 (2 cores per cpu, 2 threads per core) family 6 model 142 stepping 10, cmov, cx8, fxsr, mmx, sse, sse2, sse3, ssse3, sse4.1, sse4.2, popcnt, avx, avx2, aes, clmul, erms, 3dnowpref, lzcnt, ht, tsc, tscinvbit, bmi1, bmi2, adx

Memory: 4k page, physical 4101348k(342576k free), swap 16684260k(0k free)

vm_info: Java HotSpot(TM) 64-Bit Server VM (25.111-b14) for windows-amd64 JRE (1.8.0_111-b14), built on Sep 22 2016 19:24:05 by "java_re" with MS VC++ 10.0 (VS2010)

time: Thu Sep 09 21:32:49 2021
elapsed time: 0 seconds (0d 0h 0m 0s)

